mode: atomic
github.com/novrirahman-space/go-api-starter/internal/logger/logger.go:10.37,13.25 3 0
github.com/novrirahman-space/go-api-starter/internal/logger/logger.go:13.25,15.3 1 0
github.com/novrirahman-space/go-api-starter/internal/logger/logger.go:16.2,16.12 1 0
github.com/novrirahman-space/go-api-starter/internal/middleware/metrics.go:29.13,29.63 1 0
github.com/novrirahman-space/go-api-starter/internal/middleware/metrics.go:36.46,39.2 2 0
github.com/novrirahman-space/go-api-starter/internal/middleware/metrics.go:41.48,42.46 1 0
github.com/novrirahman-space/go-api-starter/internal/middleware/metrics.go:42.46,43.72 1 0
github.com/novrirahman-space/go-api-starter/internal/middleware/metrics.go:43.72,53.4 8 0
github.com/novrirahman-space/go-api-starter/internal/middleware/middleware.go:11.72,12.46 1 0
github.com/novrirahman-space/go-api-starter/internal/middleware/middleware.go:12.46,13.72 1 0
github.com/novrirahman-space/go-api-starter/internal/middleware/middleware.go:13.72,21.4 3 0
github.com/novrirahman-space/go-api-starter/internal/middleware/middleware.go:25.63,26.46 1 0
github.com/novrirahman-space/go-api-starter/internal/middleware/middleware.go:26.46,28.3 1 0
github.com/novrirahman-space/go-api-starter/internal/middleware/middleware.go:31.69,32.46 1 0
github.com/novrirahman-space/go-api-starter/internal/middleware/middleware.go:32.46,33.72 1 0
github.com/novrirahman-space/go-api-starter/internal/middleware/middleware.go:33.72,36.4 2 0
github.com/novrirahman-space/go-api-starter/internal/middleware/ratelimit.go:9.72,11.46 2 0
github.com/novrirahman-space/go-api-starter/internal/middleware/ratelimit.go:11.46,12.72 1 0
github.com/novrirahman-space/go-api-starter/internal/middleware/ratelimit.go:12.72,13.24 1 0
github.com/novrirahman-space/go-api-starter/internal/middleware/ratelimit.go:13.24,17.5 3 0
github.com/novrirahman-space/go-api-starter/internal/middleware/ratelimit.go:18.4,18.24 1 0
github.com/novrirahman-space/go-api-starter/cmd/server/main.go:16.13,23.12 4 0
github.com/novrirahman-space/go-api-starter/cmd/server/main.go:23.12,25.77 2 0
github.com/novrirahman-space/go-api-starter/cmd/server/main.go:25.77,27.4 1 0
github.com/novrirahman-space/go-api-starter/cmd/server/main.go:31.2,38.42 7 0
github.com/novrirahman-space/go-api-starter/cmd/server/main.go:38.42,40.3 1 0
github.com/novrirahman-space/go-api-starter/cmd/server/main.go:41.2,41.34 1 0
github.com/novrirahman-space/go-api-starter/internal/config/config.go:12.20,17.2 1 0
github.com/novrirahman-space/go-api-starter/internal/config/config.go:19.35,20.32 1 0
github.com/novrirahman-space/go-api-starter/internal/config/config.go:20.32,22.3 1 0
github.com/novrirahman-space/go-api-starter/internal/config/config.go:23.2,23.12 1 0
github.com/novrirahman-space/go-api-starter/internal/server/server.go:16.56,46.42 15 0
github.com/novrirahman-space/go-api-starter/internal/server/server.go:46.42,50.3 3 0
github.com/novrirahman-space/go-api-starter/internal/server/server.go:52.2,58.3 1 0
github.com/novrirahman-space/go-api-starter/internal/handlers/docs.go:5.49,18.54 2 0
github.com/novrirahman-space/go-api-starter/internal/handlers/docs.go:18.54,21.3 2 0
github.com/novrirahman-space/go-api-starter/internal/handlers/example.go:12.61,15.2 2 0
github.com/novrirahman-space/go-api-starter/internal/handlers/health.go:14.53,20.2 2 0
github.com/novrirahman-space/go-api-starter/internal/handlers/healthz.go:14.55,20.2 2 1
github.com/novrirahman-space/go-api-starter/internal/handlers/healthz.go:22.56,29.2 2 0
github.com/novrirahman-space/go-api-starter/internal/handlers/users.go:21.56,25.26 4 0
github.com/novrirahman-space/go-api-starter/internal/handlers/users.go:25.26,25.50 1 0
github.com/novrirahman-space/go-api-starter/internal/handlers/users.go:26.2,26.36 1 0
github.com/novrirahman-space/go-api-starter/internal/handlers/users.go:29.57,31.77 2 0
github.com/novrirahman-space/go-api-starter/internal/handlers/users.go:31.77,33.3 2 0
github.com/novrirahman-space/go-api-starter/internal/handlers/users.go:34.2,40.34 8 0
github.com/novrirahman-space/go-api-starter/internal/handlers/users.go:43.57,49.2 6 0
